[2025-03-23 13:29:03] [ERROR] Create order failed {"message":"Query error: SQLSTATE[HY093]: Invalid parameter number","code":0,"file":"\/Users\/no15438\/Desktop\/PurelyHandmade\/src\/server\/utils\/Database.php","line":75,"trace":"#0 \/Users\/no15438\/Desktop\/PurelyHandmade\/src\/server\/models\/Product.php(181): Utils\\Database->query('UPDATE Product ...', Array)\n#1 \/Users\/no15438\/Desktop\/PurelyHandmade\/src\/server\/controllers\/OrderController.php(159): Models\\Product->updateStock(8, 1)\n#2 \/Users\/no15438\/Desktop\/PurelyHandmade\/src\/server\/api\/orders\/create.php(38): Controllers\\OrderController->createOrder(Array)\n#3 \/Users\/no15438\/Desktop\/PurelyHandmade\/src\/server\/index.php(82): include_once('\/Users\/no15438\/...')\n#4 \/Users\/no15438\/Desktop\/PurelyHandmade\/index.php(6): require_once('\/Users\/no15438\/...')\n#5 {main}"}
[2025-03-23 13:29:10] [ERROR] Get orders failed {"message":"Query error: SQLSTATE[42000]: Syntax error or access violation: 1064 You have an error in your SQL syntax; check the manual that corresponds to your MySQL server version for the right syntax to use near 'Order WHERE userId = ?' at line 1","code":0,"file":"\/Users\/no15438\/Desktop\/PurelyHandmade\/src\/server\/utils\/Database.php","line":93,"trace":"#0 \/Users\/no15438\/Desktop\/PurelyHandmade\/src\/server\/models\/Order.php(88): Utils\\Database->fetch('SELECT COUNT(*)...', Array)\n#1 \/Users\/no15438\/Desktop\/PurelyHandmade\/src\/server\/controllers\/OrderController.php(31): Models\\Order->getAll(Array, 1, 10)\n#2 \/Users\/no15438\/Desktop\/PurelyHandmade\/src\/server\/api\/orders\/index.php(48): Controllers\\OrderController->getOrders(Array, 1, 10)\n#3 \/Users\/no15438\/Desktop\/PurelyHandmade\/src\/server\/index.php(82): include_once('\/Users\/no15438\/...')\n#4 \/Users\/no15438\/Desktop\/PurelyHandmade\/index.php(6): require_once('\/Users\/no15438\/...')\n#5 {main}"}
[2025-03-23 13:39:33] [ERROR] Create order failed {"message":"Query error: SQLSTATE[HY093]: Invalid parameter number","code":0,"file":"\/Users\/no15438\/Desktop\/PurelyHandmade\/src\/server\/utils\/Database.php","line":81,"trace":"#0 \/Users\/no15438\/Desktop\/PurelyHandmade\/src\/server\/models\/Product.php(181): Utils\\Database->query('UPDATE Product ...', Array)\n#1 \/Users\/no15438\/Desktop\/PurelyHandmade\/src\/server\/controllers\/OrderController.php(159): Models\\Product->updateStock(8, 1)\n#2 \/Users\/no15438\/Desktop\/PurelyHandmade\/src\/server\/api\/orders\/create.php(38): Controllers\\OrderController->createOrder(Array)\n#3 \/Users\/no15438\/Desktop\/PurelyHandmade\/src\/server\/index.php(82): include_once('\/Users\/no15438\/...')\n#4 \/Users\/no15438\/Desktop\/PurelyHandmade\/index.php(6): require_once('\/Users\/no15438\/...')\n#5 {main}"}
[2025-03-23 13:41:43] [ERROR] Create order failed {"message":"Query error: SQLSTATE[HY093]: Invalid parameter number","code":0,"file":"\/Users\/no15438\/Desktop\/PurelyHandmade\/src\/server\/utils\/Database.php","line":81,"trace":"#0 \/Users\/no15438\/Desktop\/PurelyHandmade\/src\/server\/models\/Product.php(181): Utils\\Database->query('UPDATE Product ...', Array)\n#1 \/Users\/no15438\/Desktop\/PurelyHandmade\/src\/server\/controllers\/OrderController.php(159): Models\\Product->updateStock(8, 1)\n#2 \/Users\/no15438\/Desktop\/PurelyHandmade\/src\/server\/api\/orders\/create.php(38): Controllers\\OrderController->createOrder(Array)\n#3 \/Users\/no15438\/Desktop\/PurelyHandmade\/src\/server\/index.php(82): include_once('\/Users\/no15438\/...')\n#4 \/Users\/no15438\/Desktop\/PurelyHandmade\/index.php(6): require_once('\/Users\/no15438\/...')\n#5 {main}"}
[2025-03-23 13:45:14] [ERROR] Create order failed {"message":"Query error: SQLSTATE[HY093]: Invalid parameter number","code":0,"file":"\/Users\/no15438\/Desktop\/PurelyHandmade\/src\/server\/utils\/Database.php","line":81,"trace":"#0 \/Users\/no15438\/Desktop\/PurelyHandmade\/src\/server\/models\/Product.php(181): Utils\\Database->query('UPDATE Product ...', Array)\n#1 \/Users\/no15438\/Desktop\/PurelyHandmade\/src\/server\/controllers\/OrderController.php(159): Models\\Product->updateStock(8, 1)\n#2 \/Users\/no15438\/Desktop\/PurelyHandmade\/src\/server\/api\/orders\/create.php(50): Controllers\\OrderController->createOrder(Array)\n#3 \/Users\/no15438\/Desktop\/PurelyHandmade\/src\/server\/index.php(82): include_once('\/Users\/no15438\/...')\n#4 \/Users\/no15438\/Desktop\/PurelyHandmade\/index.php(6): require_once('\/Users\/no15438\/...')\n#5 {main}"}
[2025-03-23 13:45:50] [ERROR] Create order failed {"message":"Query error: SQLSTATE[HY093]: Invalid parameter number","code":0,"file":"\/Users\/no15438\/Desktop\/PurelyHandmade\/src\/server\/utils\/Database.php","line":81,"trace":"#0 \/Users\/no15438\/Desktop\/PurelyHandmade\/src\/server\/models\/Product.php(181): Utils\\Database->query('UPDATE Product ...', Array)\n#1 \/Users\/no15438\/Desktop\/PurelyHandmade\/src\/server\/controllers\/OrderController.php(193): Models\\Product->updateStock(8, 1)\n#2 \/Users\/no15438\/Desktop\/PurelyHandmade\/src\/server\/api\/orders\/create.php(50): Controllers\\OrderController->createOrder(Array)\n#3 \/Users\/no15438\/Desktop\/PurelyHandmade\/src\/server\/index.php(82): include_once('\/Users\/no15438\/...')\n#4 \/Users\/no15438\/Desktop\/PurelyHandmade\/index.php(6): require_once('\/Users\/no15438\/...')\n#5 {main}"}
[2025-03-23 21:53:27] [INFO] 管理员请求所有订单，不添加userId过滤
[2025-03-23 21:53:27] [INFO] 获取订单 {"userId":13,"isAdmin":"true","getAll":"true","filters":[],"date_range":[null,null]}
[2025-03-23 21:53:27] [INFO] SQL查询 {"count_sql":"SELECT COUNT(*) as total FROM `Order` ","data_sql":"SELECT * FROM `Order`  ORDER BY createdAt DESC LIMIT :limit OFFSET :offset","params":{"limit":10,"offset":0},"result_count":10}
[2025-03-23 21:53:27] [INFO] 查询结果 {"total":10,"orders_count":10}
[2025-03-23 21:57:46] [INFO] 管理员请求所有订单，不添加userId过滤
[2025-03-23 21:57:46] [INFO] 获取订单 {"userId":13,"isAdmin":"true","getAll":"true","filters":[],"date_range":[null,null]}
[2025-03-23 21:57:46] [INFO] SQL查询 {"count_sql":"SELECT COUNT(*) as total FROM `Order` ","data_sql":"SELECT * FROM `Order`  ORDER BY createdAt DESC LIMIT :limit OFFSET :offset","params":{"limit":10,"offset":0},"result_count":10}
[2025-03-23 21:57:46] [INFO] 查询结果 {"total":10,"orders_count":10}
[2025-03-23 23:12:32] [INFO] 管理员请求所有订单，不添加userId过滤
[2025-03-23 23:12:32] [INFO] 获取订单 {"userId":13,"isAdmin":"true","getAll":"true","filters":[],"date_range":[null,null]}
[2025-03-23 23:12:32] [INFO] SQL查询 {"count_sql":"SELECT COUNT(*) as total FROM `Order` ","data_sql":"SELECT * FROM `Order`  ORDER BY createdAt DESC LIMIT :limit OFFSET :offset","params":{"limit":10,"offset":0},"result_count":10}
[2025-03-23 23:12:32] [INFO] 查询结果 {"total":10,"orders_count":10}
[2025-03-23 23:19:38] [INFO] 获取订单 {"userId":13,"isAdmin":"true","getAll":"false","filters":{"userId":13},"date_range":[null,null]}
[2025-03-23 23:19:38] [INFO] SQL查询 {"count_sql":"SELECT COUNT(*) as total FROM `Order` WHERE userId = :userId","data_sql":"SELECT * FROM `Order` WHERE userId = :userId ORDER BY createdAt DESC LIMIT :limit OFFSET :offset","params":{"userId":13,"limit":10,"offset":0},"result_count":0}
[2025-03-23 23:19:38] [INFO] 查询结果 {"total":0,"orders_count":0}
[2025-03-23 23:22:49] [INFO] 获取订单 {"userId":13,"isAdmin":"true","getAll":"false","filters":{"userId":13},"date_range":[null,null]}
[2025-03-23 23:22:49] [INFO] SQL查询 {"count_sql":"SELECT COUNT(*) as total FROM `Order` WHERE userId = :userId","data_sql":"SELECT * FROM `Order` WHERE userId = :userId ORDER BY createdAt DESC LIMIT :limit OFFSET :offset","params":{"userId":13,"limit":10,"offset":0},"result_count":0}
[2025-03-23 23:22:49] [INFO] 查询结果 {"total":0,"orders_count":0}
[2025-03-23 23:24:34] [INFO] 获取订单 {"userId":13,"isAdmin":"true","getAll":"false","filters":{"userId":13},"date_range":[null,null]}
[2025-03-23 23:24:34] [INFO] SQL查询 {"count_sql":"SELECT COUNT(*) as total FROM `Order` WHERE userId = :userId","data_sql":"SELECT * FROM `Order` WHERE userId = :userId ORDER BY createdAt DESC LIMIT :limit OFFSET :offset","params":{"userId":13,"limit":10,"offset":0},"result_count":0}
[2025-03-23 23:24:34] [INFO] 查询结果 {"total":0,"orders_count":0}
[2025-03-23 23:26:00] [INFO] 获取订单 {"userId":13,"isAdmin":"true","getAll":"false","filters":{"userId":13},"date_range":[null,null]}
[2025-03-23 23:26:00] [INFO] SQL查询 {"count_sql":"SELECT COUNT(*) as total FROM `Order` WHERE userId = :userId","data_sql":"SELECT * FROM `Order` WHERE userId = :userId ORDER BY createdAt DESC LIMIT :limit OFFSET :offset","params":{"userId":13,"limit":10,"offset":0},"result_count":0}
[2025-03-23 23:26:00] [INFO] 查询结果 {"total":0,"orders_count":0}
[2025-03-23 23:50:34] [INFO] 管理员请求所有订单，不添加userId过滤
[2025-03-23 23:50:34] [INFO] 获取订单 {"userId":13,"isAdmin":"true","getAll":"true","filters":[],"date_range":[null,null]}
[2025-03-23 23:50:34] [INFO] SQL查询 {"count_sql":"SELECT COUNT(*) as total FROM `Order` ","data_sql":"SELECT * FROM `Order`  ORDER BY createdAt DESC LIMIT :limit OFFSET :offset","params":{"limit":10,"offset":0},"result_count":10}
[2025-03-23 23:50:34] [INFO] 查询结果 {"total":10,"orders_count":10}
[2025-03-24 04:05:53] [INFO] 管理员请求所有订单，不添加userId过滤
[2025-03-24 04:05:53] [INFO] 获取订单 {"userId":5,"isAdmin":"true","getAll":"true","filters":[],"date_range":[null,null]}
[2025-03-24 04:05:53] [INFO] SQL查询 {"count_sql":"SELECT COUNT(*) as total FROM `Order` ","data_sql":"SELECT * FROM `Order`  ORDER BY createdAt DESC LIMIT :limit OFFSET :offset","params":{"limit":10,"offset":0},"result_count":7}
[2025-03-24 04:05:53] [INFO] 查询结果 {"total":7,"orders_count":7}
[2025-03-24 04:05:53] [INFO] 获取订单 {"userId":5,"isAdmin":"true","getAll":"false","filters":{"userId":5},"date_range":[null,null]}
[2025-03-24 04:05:53] [INFO] SQL查询 {"count_sql":"SELECT COUNT(*) as total FROM `Order` WHERE userId = :userId","data_sql":"SELECT * FROM `Order` WHERE userId = :userId ORDER BY createdAt DESC LIMIT :limit OFFSET :offset","params":{"userId":5,"limit":10,"offset":0},"result_count":0}
[2025-03-24 04:05:53] [INFO] 查询结果 {"total":0,"orders_count":0}
[2025-03-24 04:08:31] [INFO] 管理员请求所有订单，不添加userId过滤
[2025-03-24 04:08:31] [INFO] 获取订单 {"userId":5,"isAdmin":"true","getAll":"true","filters":[],"date_range":[null,null]}
[2025-03-24 04:08:31] [INFO] SQL查询 {"count_sql":"SELECT COUNT(*) as total FROM `Order` ","data_sql":"SELECT * FROM `Order`  ORDER BY createdAt DESC LIMIT :limit OFFSET :offset","params":{"limit":10,"offset":0},"result_count":7}
[2025-03-24 04:08:31] [INFO] 查询结果 {"total":7,"orders_count":7}
[2025-03-24 04:08:31] [INFO] 管理员请求所有订单，不添加userId过滤
[2025-03-24 04:08:31] [INFO] 获取订单 {"userId":5,"isAdmin":"true","getAll":"true","filters":[],"date_range":[null,null]}
[2025-03-24 04:08:31] [INFO] SQL查询 {"count_sql":"SELECT COUNT(*) as total FROM `Order` ","data_sql":"SELECT * FROM `Order`  ORDER BY createdAt DESC LIMIT :limit OFFSET :offset","params":{"limit":10,"offset":0},"result_count":7}
[2025-03-24 04:08:31] [INFO] 查询结果 {"total":7,"orders_count":7}
[2025-03-24 04:08:31] [INFO] 管理员请求所有订单，不添加userId过滤
[2025-03-24 04:08:31] [INFO] 获取订单 {"userId":5,"isAdmin":"true","getAll":"true","filters":[],"date_range":[null,null]}
[2025-03-24 04:08:31] [INFO] SQL查询 {"count_sql":"SELECT COUNT(*) as total FROM `Order` ","data_sql":"SELECT * FROM `Order`  ORDER BY createdAt DESC LIMIT :limit OFFSET :offset","params":{"limit":10,"offset":0},"result_count":7}
[2025-03-24 04:08:31] [INFO] 查询结果 {"total":7,"orders_count":7}
[2025-03-24 04:08:31] [INFO] 管理员请求所有订单，不添加userId过滤
[2025-03-24 04:08:31] [INFO] 获取订单 {"userId":5,"isAdmin":"true","getAll":"true","filters":[],"date_range":[null,null]}
[2025-03-24 04:08:31] [INFO] SQL查询 {"count_sql":"SELECT COUNT(*) as total FROM `Order` ","data_sql":"SELECT * FROM `Order`  ORDER BY createdAt DESC LIMIT :limit OFFSET :offset","params":{"limit":10,"offset":0},"result_count":7}
[2025-03-24 04:08:31] [INFO] 查询结果 {"total":7,"orders_count":7}
[2025-03-24 04:09:50] [INFO] 管理员请求所有订单，不添加userId过滤
[2025-03-24 04:09:50] [INFO] 获取订单 {"userId":5,"isAdmin":"true","getAll":"true","filters":[],"date_range":[null,null]}
[2025-03-24 04:09:50] [INFO] SQL查询 {"count_sql":"SELECT COUNT(*) as total FROM `Order` ","data_sql":"SELECT * FROM `Order`  ORDER BY createdAt DESC LIMIT :limit OFFSET :offset","params":{"limit":10,"offset":0},"result_count":7}
[2025-03-24 04:09:50] [INFO] 查询结果 {"total":7,"orders_count":7}
[2025-03-24 04:09:53] [INFO] 管理员请求所有订单，不添加userId过滤
[2025-03-24 04:09:53] [INFO] 获取订单 {"userId":5,"isAdmin":"true","getAll":"true","filters":[],"date_range":[null,null]}
[2025-03-24 04:09:53] [INFO] SQL查询 {"count_sql":"SELECT COUNT(*) as total FROM `Order` ","data_sql":"SELECT * FROM `Order`  ORDER BY createdAt DESC LIMIT :limit OFFSET :offset","params":{"limit":10,"offset":0},"result_count":7}
[2025-03-24 04:09:53] [INFO] 查询结果 {"total":7,"orders_count":7}
[2025-03-24 04:09:56] [INFO] Order status updated {"id":"4","status":"shipped"}
[2025-03-24 04:09:56] [INFO] 管理员请求所有订单，不添加userId过滤
[2025-03-24 04:09:56] [INFO] 获取订单 {"userId":5,"isAdmin":"true","getAll":"true","filters":[],"date_range":[null,null]}
[2025-03-24 04:09:56] [INFO] SQL查询 {"count_sql":"SELECT COUNT(*) as total FROM `Order` ","data_sql":"SELECT * FROM `Order`  ORDER BY createdAt DESC LIMIT :limit OFFSET :offset","params":{"limit":10,"offset":0},"result_count":7}
[2025-03-24 04:09:56] [INFO] 查询结果 {"total":7,"orders_count":7}
[2025-03-24 04:09:59] [INFO] 管理员请求所有订单，不添加userId过滤
[2025-03-24 04:09:59] [INFO] 获取订单 {"userId":5,"isAdmin":"true","getAll":"true","filters":[],"date_range":[null,null]}
[2025-03-24 04:09:59] [INFO] SQL查询 {"count_sql":"SELECT COUNT(*) as total FROM `Order` ","data_sql":"SELECT * FROM `Order`  ORDER BY createdAt DESC LIMIT :limit OFFSET :offset","params":{"limit":10,"offset":0},"result_count":7}
[2025-03-24 04:09:59] [INFO] 查询结果 {"total":7,"orders_count":7}
[2025-03-24 04:10:03] [INFO] 管理员请求所有订单，不添加userId过滤
[2025-03-24 04:10:03] [INFO] 获取订单 {"userId":5,"isAdmin":"true","getAll":"true","filters":[],"date_range":[null,null]}
[2025-03-24 04:10:03] [INFO] SQL查询 {"count_sql":"SELECT COUNT(*) as total FROM `Order` ","data_sql":"SELECT * FROM `Order`  ORDER BY createdAt DESC LIMIT :limit OFFSET :offset","params":{"limit":10,"offset":0},"result_count":7}
[2025-03-24 04:10:03] [INFO] 查询结果 {"total":7,"orders_count":7}
[2025-03-24 04:10:19] [INFO] 管理员请求所有订单，不添加userId过滤
[2025-03-24 04:10:19] [INFO] 获取订单 {"userId":5,"isAdmin":"true","getAll":"true","filters":[],"date_range":[null,null]}
[2025-03-24 04:10:19] [INFO] SQL查询 {"count_sql":"SELECT COUNT(*) as total FROM `Order` ","data_sql":"SELECT * FROM `Order`  ORDER BY createdAt DESC LIMIT :limit OFFSET :offset","params":{"limit":10,"offset":0},"result_count":7}
[2025-03-24 04:10:19] [INFO] 查询结果 {"total":7,"orders_count":7}
[2025-03-24 04:10:25] [INFO] Order status updated {"id":"4","status":"processing"}
[2025-03-24 04:10:25] [INFO] 管理员请求所有订单，不添加userId过滤
[2025-03-24 04:10:25] [INFO] 获取订单 {"userId":5,"isAdmin":"true","getAll":"true","filters":[],"date_range":[null,null]}
[2025-03-24 04:10:25] [INFO] SQL查询 {"count_sql":"SELECT COUNT(*) as total FROM `Order` ","data_sql":"SELECT * FROM `Order`  ORDER BY createdAt DESC LIMIT :limit OFFSET :offset","params":{"limit":10,"offset":0},"result_count":7}
[2025-03-24 04:10:25] [INFO] 查询结果 {"total":7,"orders_count":7}
[2025-03-24 04:10:28] [INFO] 管理员请求所有订单，不添加userId过滤
[2025-03-24 04:10:28] [INFO] 获取订单 {"userId":5,"isAdmin":"true","getAll":"true","filters":[],"date_range":[null,null]}
[2025-03-24 04:10:28] [INFO] SQL查询 {"count_sql":"SELECT COUNT(*) as total FROM `Order` ","data_sql":"SELECT * FROM `Order`  ORDER BY createdAt DESC LIMIT :limit OFFSET :offset","params":{"limit":10,"offset":0},"result_count":7}
[2025-03-24 04:10:28] [INFO] 查询结果 {"total":7,"orders_count":7}
[2025-03-24 04:10:30] [INFO] Order status updated {"id":"4","status":"delivered"}
[2025-03-24 04:10:30] [INFO] 管理员请求所有订单，不添加userId过滤
[2025-03-24 04:10:30] [INFO] 获取订单 {"userId":5,"isAdmin":"true","getAll":"true","filters":[],"date_range":[null,null]}
[2025-03-24 04:10:30] [INFO] SQL查询 {"count_sql":"SELECT COUNT(*) as total FROM `Order` ","data_sql":"SELECT * FROM `Order`  ORDER BY createdAt DESC LIMIT :limit OFFSET :offset","params":{"limit":10,"offset":0},"result_count":7}
[2025-03-24 04:10:30] [INFO] 查询结果 {"total":7,"orders_count":7}
[2025-03-24 04:10:31] [INFO] 管理员请求所有订单，不添加userId过滤
[2025-03-24 04:10:31] [INFO] 获取订单 {"userId":5,"isAdmin":"true","getAll":"true","filters":[],"date_range":[null,null]}
[2025-03-24 04:10:31] [INFO] SQL查询 {"count_sql":"SELECT COUNT(*) as total FROM `Order` ","data_sql":"SELECT * FROM `Order`  ORDER BY createdAt DESC LIMIT :limit OFFSET :offset","params":{"limit":10,"offset":0},"result_count":7}
[2025-03-24 04:10:31] [INFO] 查询结果 {"total":7,"orders_count":7}
[2025-03-24 04:10:37] [INFO] Order status updated {"id":"4","status":"cancelled"}
[2025-03-24 04:10:37] [INFO] 管理员请求所有订单，不添加userId过滤
[2025-03-24 04:10:37] [INFO] 获取订单 {"userId":5,"isAdmin":"true","getAll":"true","filters":[],"date_range":[null,null]}
[2025-03-24 04:10:37] [INFO] SQL查询 {"count_sql":"SELECT COUNT(*) as total FROM `Order` ","data_sql":"SELECT * FROM `Order`  ORDER BY createdAt DESC LIMIT :limit OFFSET :offset","params":{"limit":10,"offset":0},"result_count":7}
[2025-03-24 04:10:37] [INFO] 查询结果 {"total":7,"orders_count":7}
[2025-03-24 04:10:42] [INFO] 管理员请求所有订单，不添加userId过滤
[2025-03-24 04:10:42] [INFO] 获取订单 {"userId":5,"isAdmin":"true","getAll":"true","filters":[],"date_range":[null,null]}
[2025-03-24 04:10:42] [INFO] SQL查询 {"count_sql":"SELECT COUNT(*) as total FROM `Order` ","data_sql":"SELECT * FROM `Order`  ORDER BY createdAt DESC LIMIT :limit OFFSET :offset","params":{"limit":10,"offset":0},"result_count":7}
[2025-03-24 04:10:42] [INFO] 查询结果 {"total":7,"orders_count":7}
[2025-03-24 04:10:44] [INFO] 管理员请求所有订单，不添加userId过滤
[2025-03-24 04:10:44] [INFO] 获取订单 {"userId":5,"isAdmin":"true","getAll":"true","filters":[],"date_range":[null,null]}
[2025-03-24 04:10:44] [INFO] SQL查询 {"count_sql":"SELECT COUNT(*) as total FROM `Order` ","data_sql":"SELECT * FROM `Order`  ORDER BY createdAt DESC LIMIT :limit OFFSET :offset","params":{"limit":10,"offset":0},"result_count":7}
[2025-03-24 04:10:44] [INFO] 查询结果 {"total":7,"orders_count":7}
[2025-03-24 04:12:16] [INFO] 管理员请求所有订单，不添加userId过滤
[2025-03-24 04:12:16] [INFO] 获取订单 {"userId":5,"isAdmin":"true","getAll":"true","filters":[],"date_range":[null,null]}
[2025-03-24 04:12:16] [INFO] SQL查询 {"count_sql":"SELECT COUNT(*) as total FROM `Order` ","data_sql":"SELECT * FROM `Order`  ORDER BY createdAt DESC LIMIT :limit OFFSET :offset","params":{"limit":10,"offset":0},"result_count":7}
[2025-03-24 04:12:16] [INFO] 查询结果 {"total":7,"orders_count":7}
[2025-03-24 04:12:28] [INFO] 管理员请求所有订单，不添加userId过滤
[2025-03-24 04:12:28] [INFO] 获取订单 {"userId":5,"isAdmin":"true","getAll":"true","filters":[],"date_range":[null,null]}
[2025-03-24 04:12:28] [INFO] SQL查询 {"count_sql":"SELECT COUNT(*) as total FROM `Order` ","data_sql":"SELECT * FROM `Order`  ORDER BY createdAt DESC LIMIT :limit OFFSET :offset","params":{"limit":10,"offset":0},"result_count":7}
[2025-03-24 04:12:28] [INFO] 查询结果 {"total":7,"orders_count":7}
[2025-03-24 04:12:31] [INFO] 管理员请求所有订单，不添加userId过滤
[2025-03-24 04:12:31] [INFO] 获取订单 {"userId":5,"isAdmin":"true","getAll":"true","filters":[],"date_range":[null,null]}
[2025-03-24 04:12:31] [INFO] SQL查询 {"count_sql":"SELECT COUNT(*) as total FROM `Order` ","data_sql":"SELECT * FROM `Order`  ORDER BY createdAt DESC LIMIT :limit OFFSET :offset","params":{"limit":10,"offset":0},"result_count":7}
[2025-03-24 04:12:31] [INFO] 查询结果 {"total":7,"orders_count":7}
[2025-03-24 04:12:38] [INFO] 管理员请求所有订单，不添加userId过滤
[2025-03-24 04:12:38] [INFO] 获取订单 {"userId":5,"isAdmin":"true","getAll":"true","filters":[],"date_range":[null,null]}
[2025-03-24 04:12:38] [INFO] SQL查询 {"count_sql":"SELECT COUNT(*) as total FROM `Order` ","data_sql":"SELECT * FROM `Order`  ORDER BY createdAt DESC LIMIT :limit OFFSET :offset","params":{"limit":10,"offset":0},"result_count":7}
[2025-03-24 04:12:38] [INFO] 查询结果 {"total":7,"orders_count":7}
[2025-03-24 04:12:39] [INFO] 管理员请求所有订单，不添加userId过滤
[2025-03-24 04:12:39] [INFO] 获取订单 {"userId":5,"isAdmin":"true","getAll":"true","filters":[],"date_range":[null,null]}
[2025-03-24 04:12:39] [INFO] SQL查询 {"count_sql":"SELECT COUNT(*) as total FROM `Order` ","data_sql":"SELECT * FROM `Order`  ORDER BY createdAt DESC LIMIT :limit OFFSET :offset","params":{"limit":10,"offset":0},"result_count":7}
[2025-03-24 04:12:39] [INFO] 查询结果 {"total":7,"orders_count":7}
[2025-03-24 04:12:42] [INFO] Order status updated {"id":"4","status":"delivered"}
[2025-03-24 04:12:42] [INFO] 管理员请求所有订单，不添加userId过滤
[2025-03-24 04:12:42] [INFO] 获取订单 {"userId":5,"isAdmin":"true","getAll":"true","filters":[],"date_range":[null,null]}
[2025-03-24 04:12:42] [INFO] SQL查询 {"count_sql":"SELECT COUNT(*) as total FROM `Order` ","data_sql":"SELECT * FROM `Order`  ORDER BY createdAt DESC LIMIT :limit OFFSET :offset","params":{"limit":10,"offset":0},"result_count":7}
[2025-03-24 04:12:42] [INFO] 查询结果 {"total":7,"orders_count":7}
[2025-03-24 04:12:45] [INFO] 管理员请求所有订单，不添加userId过滤
[2025-03-24 04:12:45] [INFO] 获取订单 {"userId":5,"isAdmin":"true","getAll":"true","filters":[],"date_range":[null,null]}
[2025-03-24 04:12:45] [INFO] SQL查询 {"count_sql":"SELECT COUNT(*) as total FROM `Order` ","data_sql":"SELECT * FROM `Order`  ORDER BY createdAt DESC LIMIT :limit OFFSET :offset","params":{"limit":10,"offset":0},"result_count":7}
[2025-03-24 04:12:45] [INFO] 查询结果 {"total":7,"orders_count":7}
[2025-03-24 04:13:57] [INFO] 管理员请求所有订单，不添加userId过滤
[2025-03-24 04:13:57] [INFO] 获取订单 {"userId":5,"isAdmin":"true","getAll":"true","filters":[],"date_range":[null,null]}
[2025-03-24 04:13:57] [INFO] SQL查询 {"count_sql":"SELECT COUNT(*) as total FROM `Order` ","data_sql":"SELECT * FROM `Order`  ORDER BY createdAt DESC LIMIT :limit OFFSET :offset","params":{"limit":10,"offset":0},"result_count":7}
[2025-03-24 04:13:57] [INFO] 查询结果 {"total":7,"orders_count":7}
[2025-03-24 04:13:59] [INFO] 管理员请求所有订单，不添加userId过滤
[2025-03-24 04:13:59] [INFO] 获取订单 {"userId":5,"isAdmin":"true","getAll":"true","filters":[],"date_range":[null,null]}
[2025-03-24 04:13:59] [INFO] SQL查询 {"count_sql":"SELECT COUNT(*) as total FROM `Order` ","data_sql":"SELECT * FROM `Order`  ORDER BY createdAt DESC LIMIT :limit OFFSET :offset","params":{"limit":10,"offset":0},"result_count":7}
[2025-03-24 04:13:59] [INFO] 查询结果 {"total":7,"orders_count":7}
[2025-03-24 04:14:04] [INFO] Order status updated {"id":"4","status":"delivered"}
[2025-03-24 04:14:04] [INFO] 管理员请求所有订单，不添加userId过滤
[2025-03-24 04:14:04] [INFO] 获取订单 {"userId":5,"isAdmin":"true","getAll":"true","filters":[],"date_range":[null,null]}
[2025-03-24 04:14:04] [INFO] SQL查询 {"count_sql":"SELECT COUNT(*) as total FROM `Order` ","data_sql":"SELECT * FROM `Order`  ORDER BY createdAt DESC LIMIT :limit OFFSET :offset","params":{"limit":10,"offset":0},"result_count":7}
[2025-03-24 04:14:04] [INFO] 查询结果 {"total":7,"orders_count":7}
[2025-03-24 04:14:06] [INFO] 管理员请求所有订单，不添加userId过滤
[2025-03-24 04:14:06] [INFO] 获取订单 {"userId":5,"isAdmin":"true","getAll":"true","filters":[],"date_range":[null,null]}
[2025-03-24 04:14:06] [INFO] SQL查询 {"count_sql":"SELECT COUNT(*) as total FROM `Order` ","data_sql":"SELECT * FROM `Order`  ORDER BY createdAt DESC LIMIT :limit OFFSET :offset","params":{"limit":10,"offset":0},"result_count":7}
[2025-03-24 04:14:06] [INFO] 查询结果 {"total":7,"orders_count":7}
[2025-03-24 04:14:08] [INFO] Order status updated {"id":"4","status":"shipped"}
[2025-03-24 04:14:08] [INFO] 管理员请求所有订单，不添加userId过滤
[2025-03-24 04:14:08] [INFO] 获取订单 {"userId":5,"isAdmin":"true","getAll":"true","filters":[],"date_range":[null,null]}
[2025-03-24 04:14:08] [INFO] SQL查询 {"count_sql":"SELECT COUNT(*) as total FROM `Order` ","data_sql":"SELECT * FROM `Order`  ORDER BY createdAt DESC LIMIT :limit OFFSET :offset","params":{"limit":10,"offset":0},"result_count":7}
[2025-03-24 04:14:08] [INFO] 查询结果 {"total":7,"orders_count":7}
[2025-03-24 04:14:10] [INFO] 管理员请求所有订单，不添加userId过滤
[2025-03-24 04:14:10] [INFO] 获取订单 {"userId":5,"isAdmin":"true","getAll":"true","filters":[],"date_range":[null,null]}
[2025-03-24 04:14:10] [INFO] SQL查询 {"count_sql":"SELECT COUNT(*) as total FROM `Order` ","data_sql":"SELECT * FROM `Order`  ORDER BY createdAt DESC LIMIT :limit OFFSET :offset","params":{"limit":10,"offset":0},"result_count":7}
[2025-03-24 04:14:10] [INFO] 查询结果 {"total":7,"orders_count":7}
[2025-03-24 04:14:12] [INFO] Order status updated {"id":"4","status":"processing"}
[2025-03-24 04:14:12] [INFO] 管理员请求所有订单，不添加userId过滤
[2025-03-24 04:14:12] [INFO] 获取订单 {"userId":5,"isAdmin":"true","getAll":"true","filters":[],"date_range":[null,null]}
[2025-03-24 04:14:12] [INFO] SQL查询 {"count_sql":"SELECT COUNT(*) as total FROM `Order` ","data_sql":"SELECT * FROM `Order`  ORDER BY createdAt DESC LIMIT :limit OFFSET :offset","params":{"limit":10,"offset":0},"result_count":7}
[2025-03-24 04:14:12] [INFO] 查询结果 {"total":7,"orders_count":7}
[2025-03-24 04:14:13] [INFO] 管理员请求所有订单，不添加userId过滤
[2025-03-24 04:14:13] [INFO] 获取订单 {"userId":5,"isAdmin":"true","getAll":"true","filters":[],"date_range":[null,null]}
[2025-03-24 04:14:13] [INFO] SQL查询 {"count_sql":"SELECT COUNT(*) as total FROM `Order` ","data_sql":"SELECT * FROM `Order`  ORDER BY createdAt DESC LIMIT :limit OFFSET :offset","params":{"limit":10,"offset":0},"result_count":7}
[2025-03-24 04:14:13] [INFO] 查询结果 {"total":7,"orders_count":7}
[2025-03-24 04:14:14] [INFO] Order status updated {"id":"4","status":"cancelled"}
[2025-03-24 04:14:14] [INFO] 管理员请求所有订单，不添加userId过滤
[2025-03-24 04:14:14] [INFO] 获取订单 {"userId":5,"isAdmin":"true","getAll":"true","filters":[],"date_range":[null,null]}
[2025-03-24 04:14:14] [INFO] SQL查询 {"count_sql":"SELECT COUNT(*) as total FROM `Order` ","data_sql":"SELECT * FROM `Order`  ORDER BY createdAt DESC LIMIT :limit OFFSET :offset","params":{"limit":10,"offset":0},"result_count":8}
[2025-03-24 04:14:14] [INFO] 查询结果 {"total":8,"orders_count":8}
[2025-03-24 04:14:15] [INFO] 管理员请求所有订单，不添加userId过滤
[2025-03-24 04:14:15] [INFO] 获取订单 {"userId":5,"isAdmin":"true","getAll":"true","filters":[],"date_range":[null,null]}
[2025-03-24 04:14:15] [INFO] SQL查询 {"count_sql":"SELECT COUNT(*) as total FROM `Order` ","data_sql":"SELECT * FROM `Order`  ORDER BY createdAt DESC LIMIT :limit OFFSET :offset","params":{"limit":10,"offset":0},"result_count":8}
[2025-03-24 04:14:15] [INFO] 查询结果 {"total":8,"orders_count":8}
[2025-03-24 04:14:21] [INFO] Order status updated {"id":17,"status":"shipped"}
[2025-03-24 04:21:50] [INFO] 管理员请求所有订单，不添加userId过滤
[2025-03-24 04:21:50] [INFO] 获取订单 {"userId":5,"isAdmin":"true","getAll":"true","filters":[],"date_range":[null,null]}
[2025-03-24 04:21:50] [INFO] SQL查询 {"count_sql":"SELECT COUNT(*) as total FROM `Order` ","data_sql":"SELECT * FROM `Order`  ORDER BY createdAt DESC LIMIT :limit OFFSET :offset","params":{"limit":10,"offset":0},"result_count":8}
[2025-03-24 04:21:50] [INFO] 查询结果 {"total":8,"orders_count":8}
[2025-03-24 04:21:52] [INFO] 管理员请求所有订单，不添加userId过滤
[2025-03-24 04:21:52] [INFO] 获取订单 {"userId":5,"isAdmin":"true","getAll":"true","filters":[],"date_range":[null,null]}
[2025-03-24 04:21:52] [INFO] SQL查询 {"count_sql":"SELECT COUNT(*) as total FROM `Order` ","data_sql":"SELECT * FROM `Order`  ORDER BY createdAt DESC LIMIT :limit OFFSET :offset","params":{"limit":10,"offset":0},"result_count":8}
[2025-03-24 04:21:52] [INFO] 查询结果 {"total":8,"orders_count":8}
[2025-03-24 04:21:54] [INFO] 管理员请求所有订单，不添加userId过滤
[2025-03-24 04:21:54] [INFO] 获取订单 {"userId":5,"isAdmin":"true","getAll":"true","filters":[],"date_range":[null,null]}
[2025-03-24 04:21:54] [INFO] SQL查询 {"count_sql":"SELECT COUNT(*) as total FROM `Order` ","data_sql":"SELECT * FROM `Order`  ORDER BY createdAt DESC LIMIT :limit OFFSET :offset","params":{"limit":10,"offset":0},"result_count":8}
[2025-03-24 04:21:54] [INFO] 查询结果 {"total":8,"orders_count":8}
[2025-03-24 04:24:38] [INFO] 管理员请求所有订单，不添加userId过滤
[2025-03-24 04:24:38] [INFO] 获取订单 {"userId":5,"isAdmin":"true","getAll":"true","filters":[],"date_range":[null,null]}
[2025-03-24 04:24:38] [INFO] SQL查询 {"count_sql":"SELECT COUNT(*) as total FROM `Order` ","data_sql":"SELECT * FROM `Order`  ORDER BY createdAt DESC LIMIT :limit OFFSET :offset","params":{"limit":10,"offset":0},"result_count":8}
[2025-03-24 04:24:38] [INFO] 查询结果 {"total":8,"orders_count":8}
[2025-03-24 04:24:40] [INFO] 管理员请求所有订单，不添加userId过滤
[2025-03-24 04:24:40] [INFO] 获取订单 {"userId":5,"isAdmin":"true","getAll":"true","filters":[],"date_range":[null,null]}
[2025-03-24 04:24:40] [INFO] SQL查询 {"count_sql":"SELECT COUNT(*) as total FROM `Order` ","data_sql":"SELECT * FROM `Order`  ORDER BY createdAt DESC LIMIT :limit OFFSET :offset","params":{"limit":10,"offset":0},"result_count":8}
[2025-03-24 04:24:40] [INFO] 查询结果 {"total":8,"orders_count":8}
[2025-03-24 04:25:46] [INFO] 管理员请求所有订单，不添加userId过滤
[2025-03-24 04:25:46] [INFO] 获取订单 {"userId":5,"isAdmin":"true","getAll":"true","filters":[],"date_range":[null,null]}
[2025-03-24 04:25:46] [INFO] SQL查询 {"count_sql":"SELECT COUNT(*) as total FROM `Order` ","data_sql":"SELECT * FROM `Order`  ORDER BY createdAt DESC LIMIT :limit OFFSET :offset","params":{"limit":10,"offset":0},"result_count":8}
[2025-03-24 04:25:46] [INFO] 查询结果 {"total":8,"orders_count":8}
[2025-03-24 04:25:48] [INFO] 管理员请求所有订单，不添加userId过滤
[2025-03-24 04:25:48] [INFO] 获取订单 {"userId":5,"isAdmin":"true","getAll":"true","filters":[],"date_range":[null,null]}
[2025-03-24 04:25:48] [INFO] SQL查询 {"count_sql":"SELECT COUNT(*) as total FROM `Order` ","data_sql":"SELECT * FROM `Order`  ORDER BY createdAt DESC LIMIT :limit OFFSET :offset","params":{"limit":10,"offset":0},"result_count":8}
[2025-03-24 04:25:48] [INFO] 查询结果 {"total":8,"orders_count":8}
[2025-03-24 04:25:49] [INFO] 管理员请求所有订单，不添加userId过滤
[2025-03-24 04:25:49] [INFO] 获取订单 {"userId":5,"isAdmin":"true","getAll":"true","filters":[],"date_range":[null,null]}
[2025-03-24 04:25:49] [INFO] SQL查询 {"count_sql":"SELECT COUNT(*) as total FROM `Order` ","data_sql":"SELECT * FROM `Order`  ORDER BY createdAt DESC LIMIT :limit OFFSET :offset","params":{"limit":10,"offset":0},"result_count":8}
[2025-03-24 04:25:49] [INFO] 查询结果 {"total":8,"orders_count":8}
[2025-03-24 04:25:49] [INFO] Order status updated {"id":"4","status":"completed"}
[2025-03-24 04:25:49] [INFO] 管理员请求所有订单，不添加userId过滤
[2025-03-24 04:25:49] [INFO] 获取订单 {"userId":5,"isAdmin":"true","getAll":"true","filters":[],"date_range":[null,null]}
[2025-03-24 04:25:49] [INFO] SQL查询 {"count_sql":"SELECT COUNT(*) as total FROM `Order` ","data_sql":"SELECT * FROM `Order`  ORDER BY createdAt DESC LIMIT :limit OFFSET :offset","params":{"limit":10,"offset":0},"result_count":8}
[2025-03-24 04:25:49] [INFO] 查询结果 {"total":8,"orders_count":8}
[2025-03-24 04:25:52] [INFO] 管理员请求所有订单，不添加userId过滤
[2025-03-24 04:25:52] [INFO] 获取订单 {"userId":5,"isAdmin":"true","getAll":"true","filters":[],"date_range":[null,null]}
[2025-03-24 04:25:52] [INFO] SQL查询 {"count_sql":"SELECT COUNT(*) as total FROM `Order` ","data_sql":"SELECT * FROM `Order`  ORDER BY createdAt DESC LIMIT :limit OFFSET :offset","params":{"limit":10,"offset":0},"result_count":8}
[2025-03-24 04:25:52] [INFO] 查询结果 {"total":8,"orders_count":8}
[2025-03-24 04:25:54] [INFO] 管理员请求所有订单，不添加userId过滤
[2025-03-24 04:25:54] [INFO] 获取订单 {"userId":5,"isAdmin":"true","getAll":"true","filters":[],"date_range":[null,null]}
[2025-03-24 04:25:54] [INFO] SQL查询 {"count_sql":"SELECT COUNT(*) as total FROM `Order` ","data_sql":"SELECT * FROM `Order`  ORDER BY createdAt DESC LIMIT :limit OFFSET :offset","params":{"limit":10,"offset":0},"result_count":8}
[2025-03-24 04:25:54] [INFO] 查询结果 {"total":8,"orders_count":8}
[2025-03-24 04:25:54] [INFO] Order status updated {"id":"4","status":"completed"}
[2025-03-24 04:25:54] [INFO] 管理员请求所有订单，不添加userId过滤
[2025-03-24 04:25:54] [INFO] 获取订单 {"userId":5,"isAdmin":"true","getAll":"true","filters":[],"date_range":[null,null]}
[2025-03-24 04:25:54] [INFO] SQL查询 {"count_sql":"SELECT COUNT(*) as total FROM `Order` ","data_sql":"SELECT * FROM `Order`  ORDER BY createdAt DESC LIMIT :limit OFFSET :offset","params":{"limit":10,"offset":0},"result_count":8}
[2025-03-24 04:25:54] [INFO] 查询结果 {"total":8,"orders_count":8}
[2025-03-24 04:26:09] [INFO] 管理员请求所有订单，不添加userId过滤
[2025-03-24 04:26:09] [INFO] 获取订单 {"userId":5,"isAdmin":"true","getAll":"true","filters":[],"date_range":[null,null]}
[2025-03-24 04:26:09] [INFO] SQL查询 {"count_sql":"SELECT COUNT(*) as total FROM `Order` ","data_sql":"SELECT * FROM `Order`  ORDER BY createdAt DESC LIMIT :limit OFFSET :offset","params":{"limit":10,"offset":0},"result_count":8}
[2025-03-24 04:26:09] [INFO] 查询结果 {"total":8,"orders_count":8}
[2025-03-24 04:26:17] [INFO] 管理员请求所有订单，不添加userId过滤
[2025-03-24 04:26:17] [INFO] 获取订单 {"userId":5,"isAdmin":"true","getAll":"true","filters":[],"date_range":[null,null]}
[2025-03-24 04:26:17] [INFO] SQL查询 {"count_sql":"SELECT COUNT(*) as total FROM `Order` ","data_sql":"SELECT * FROM `Order`  ORDER BY createdAt DESC LIMIT :limit OFFSET :offset","params":{"limit":10,"offset":0},"result_count":8}
[2025-03-24 04:26:17] [INFO] 查询结果 {"total":8,"orders_count":8}
[2025-03-24 04:26:30] [INFO] 管理员请求所有订单，不添加userId过滤
[2025-03-24 04:26:30] [INFO] 获取订单 {"userId":5,"isAdmin":"true","getAll":"true","filters":[],"date_range":[null,null]}
[2025-03-24 04:26:30] [INFO] SQL查询 {"count_sql":"SELECT COUNT(*) as total FROM `Order` ","data_sql":"SELECT * FROM `Order`  ORDER BY createdAt DESC LIMIT :limit OFFSET :offset","params":{"limit":10,"offset":0},"result_count":8}
[2025-03-24 04:26:30] [INFO] 查询结果 {"total":8,"orders_count":8}
[2025-03-24 04:26:38] [INFO] 管理员请求所有订单，不添加userId过滤
[2025-03-24 04:26:38] [INFO] 获取订单 {"userId":5,"isAdmin":"true","getAll":"true","filters":[],"date_range":[null,null]}
[2025-03-24 04:26:38] [INFO] SQL查询 {"count_sql":"SELECT COUNT(*) as total FROM `Order` ","data_sql":"SELECT * FROM `Order`  ORDER BY createdAt DESC LIMIT :limit OFFSET :offset","params":{"limit":10,"offset":0},"result_count":8}
[2025-03-24 04:26:38] [INFO] 查询结果 {"total":8,"orders_count":8}
[2025-03-24 04:26:54] [INFO] 管理员请求所有订单，不添加userId过滤
[2025-03-24 04:26:54] [INFO] 获取订单 {"userId":5,"isAdmin":"true","getAll":"true","filters":[],"date_range":[null,null]}
[2025-03-24 04:26:54] [INFO] SQL查询 {"count_sql":"SELECT COUNT(*) as total FROM `Order` ","data_sql":"SELECT * FROM `Order`  ORDER BY createdAt DESC LIMIT :limit OFFSET :offset","params":{"limit":10,"offset":0},"result_count":8}
[2025-03-24 04:26:54] [INFO] 查询结果 {"total":8,"orders_count":8}
[2025-03-24 04:27:07] [INFO] 管理员请求所有订单，不添加userId过滤
[2025-03-24 04:27:07] [INFO] 获取订单 {"userId":5,"isAdmin":"true","getAll":"true","filters":[],"date_range":[null,null]}
[2025-03-24 04:27:07] [INFO] SQL查询 {"count_sql":"SELECT COUNT(*) as total FROM `Order` ","data_sql":"SELECT * FROM `Order`  ORDER BY createdAt DESC LIMIT :limit OFFSET :offset","params":{"limit":10,"offset":0},"result_count":8}
[2025-03-24 04:27:07] [INFO] 查询结果 {"total":8,"orders_count":8}
[2025-03-24 04:27:16] [INFO] 管理员请求所有订单，不添加userId过滤
[2025-03-24 04:27:16] [INFO] 获取订单 {"userId":5,"isAdmin":"true","getAll":"true","filters":[],"date_range":[null,null]}
[2025-03-24 04:27:16] [INFO] SQL查询 {"count_sql":"SELECT COUNT(*) as total FROM `Order` ","data_sql":"SELECT * FROM `Order`  ORDER BY createdAt DESC LIMIT :limit OFFSET :offset","params":{"limit":10,"offset":0},"result_count":8}
[2025-03-24 04:27:16] [INFO] 查询结果 {"total":8,"orders_count":8}
[2025-03-24 04:27:25] [INFO] 管理员请求所有订单，不添加userId过滤
[2025-03-24 04:27:25] [INFO] 获取订单 {"userId":5,"isAdmin":"true","getAll":"true","filters":[],"date_range":[null,null]}
[2025-03-24 04:27:25] [INFO] SQL查询 {"count_sql":"SELECT COUNT(*) as total FROM `Order` ","data_sql":"SELECT * FROM `Order`  ORDER BY createdAt DESC LIMIT :limit OFFSET :offset","params":{"limit":10,"offset":0},"result_count":8}
[2025-03-24 04:27:25] [INFO] 查询结果 {"total":8,"orders_count":8}
[2025-03-24 04:27:34] [INFO] 管理员请求所有订单，不添加userId过滤
[2025-03-24 04:27:34] [INFO] 获取订单 {"userId":5,"isAdmin":"true","getAll":"true","filters":[],"date_range":[null,null]}
[2025-03-24 04:27:34] [INFO] SQL查询 {"count_sql":"SELECT COUNT(*) as total FROM `Order` ","data_sql":"SELECT * FROM `Order`  ORDER BY createdAt DESC LIMIT :limit OFFSET :offset","params":{"limit":10,"offset":0},"result_count":8}
[2025-03-24 04:27:34] [INFO] 查询结果 {"total":8,"orders_count":8}
[2025-03-24 04:27:38] [INFO] 管理员请求所有订单，不添加userId过滤
[2025-03-24 04:27:38] [INFO] 获取订单 {"userId":5,"isAdmin":"true","getAll":"true","filters":[],"date_range":[null,null]}
[2025-03-24 04:27:38] [INFO] SQL查询 {"count_sql":"SELECT COUNT(*) as total FROM `Order` ","data_sql":"SELECT * FROM `Order`  ORDER BY createdAt DESC LIMIT :limit OFFSET :offset","params":{"limit":10,"offset":0},"result_count":8}
[2025-03-24 04:27:38] [INFO] 查询结果 {"total":8,"orders_count":8}
[2025-03-24 04:27:41] [INFO] 管理员请求所有订单，不添加userId过滤
[2025-03-24 04:27:41] [INFO] 获取订单 {"userId":5,"isAdmin":"true","getAll":"true","filters":[],"date_range":[null,null]}
[2025-03-24 04:27:41] [INFO] SQL查询 {"count_sql":"SELECT COUNT(*) as total FROM `Order` ","data_sql":"SELECT * FROM `Order`  ORDER BY createdAt DESC LIMIT :limit OFFSET :offset","params":{"limit":10,"offset":0},"result_count":8}
[2025-03-24 04:27:41] [INFO] 查询结果 {"total":8,"orders_count":8}
[2025-03-24 04:29:58] [INFO] 管理员请求所有订单，不添加userId过滤
[2025-03-24 04:29:58] [INFO] 获取订单 {"userId":5,"isAdmin":"true","getAll":"true","filters":[],"date_range":[null,null]}
[2025-03-24 04:29:58] [INFO] SQL查询 {"count_sql":"SELECT COUNT(*) as total FROM `Order` ","data_sql":"SELECT * FROM `Order`  ORDER BY createdAt DESC LIMIT :limit OFFSET :offset","params":{"limit":10,"offset":0},"result_count":8}
[2025-03-24 04:29:58] [INFO] 查询结果 {"total":8,"orders_count":8}
[2025-03-24 04:29:58] [INFO] 管理员请求所有订单，不添加userId过滤
[2025-03-24 04:29:58] [INFO] 获取订单 {"userId":5,"isAdmin":"true","getAll":"true","filters":[],"date_range":[null,null]}
[2025-03-24 04:29:58] [INFO] SQL查询 {"count_sql":"SELECT COUNT(*) as total FROM `Order` ","data_sql":"SELECT * FROM `Order`  ORDER BY createdAt DESC LIMIT :limit OFFSET :offset","params":{"limit":10,"offset":0},"result_count":8}
[2025-03-24 04:29:58] [INFO] 查询结果 {"total":8,"orders_count":8}
[2025-03-24 04:29:58] [INFO] 管理员请求所有订单，不添加userId过滤
[2025-03-24 04:29:58] [INFO] 获取订单 {"userId":5,"isAdmin":"true","getAll":"true","filters":[],"date_range":[null,null]}
[2025-03-24 04:29:58] [INFO] SQL查询 {"count_sql":"SELECT COUNT(*) as total FROM `Order` ","data_sql":"SELECT * FROM `Order`  ORDER BY createdAt DESC LIMIT :limit OFFSET :offset","params":{"limit":10,"offset":0},"result_count":8}
[2025-03-24 04:29:58] [INFO] 查询结果 {"total":8,"orders_count":8}
[2025-03-24 04:29:58] [INFO] 管理员请求所有订单，不添加userId过滤
[2025-03-24 04:29:58] [INFO] 获取订单 {"userId":5,"isAdmin":"true","getAll":"true","filters":[],"date_range":[null,null]}
[2025-03-24 04:29:58] [INFO] SQL查询 {"count_sql":"SELECT COUNT(*) as total FROM `Order` ","data_sql":"SELECT * FROM `Order`  ORDER BY createdAt DESC LIMIT :limit OFFSET :offset","params":{"limit":10,"offset":0},"result_count":8}
[2025-03-24 04:29:58] [INFO] 查询结果 {"total":8,"orders_count":8}
[2025-03-24 04:30:00] [INFO] 管理员请求所有订单，不添加userId过滤
[2025-03-24 04:30:00] [INFO] 获取订单 {"userId":5,"isAdmin":"true","getAll":"true","filters":[],"date_range":[null,null]}
[2025-03-24 04:30:00] [INFO] SQL查询 {"count_sql":"SELECT COUNT(*) as total FROM `Order` ","data_sql":"SELECT * FROM `Order`  ORDER BY createdAt DESC LIMIT :limit OFFSET :offset","params":{"limit":10,"offset":0},"result_count":8}
[2025-03-24 04:30:00] [INFO] 查询结果 {"total":8,"orders_count":8}
[2025-03-24 04:30:08] [INFO] 管理员请求所有订单，不添加userId过滤
[2025-03-24 04:30:08] [INFO] 获取订单 {"userId":5,"isAdmin":"true","getAll":"true","filters":[],"date_range":[null,null]}
[2025-03-24 04:30:08] [INFO] SQL查询 {"count_sql":"SELECT COUNT(*) as total FROM `Order` ","data_sql":"SELECT * FROM `Order`  ORDER BY createdAt DESC LIMIT :limit OFFSET :offset","params":{"limit":10,"offset":0},"result_count":8}
[2025-03-24 04:30:08] [INFO] 查询结果 {"total":8,"orders_count":8}
[2025-03-24 04:30:21] [INFO] 管理员请求所有订单，不添加userId过滤
[2025-03-24 04:30:21] [INFO] 获取订单 {"userId":5,"isAdmin":"true","getAll":"true","filters":[],"date_range":[null,null]}
[2025-03-24 04:30:21] [INFO] SQL查询 {"count_sql":"SELECT COUNT(*) as total FROM `Order` ","data_sql":"SELECT * FROM `Order`  ORDER BY createdAt DESC LIMIT :limit OFFSET :offset","params":{"limit":10,"offset":0},"result_count":8}
[2025-03-24 04:30:21] [INFO] 查询结果 {"total":8,"orders_count":8}
[2025-03-24 04:30:22] [INFO] 管理员请求所有订单，不添加userId过滤
[2025-03-24 04:30:22] [INFO] 获取订单 {"userId":5,"isAdmin":"true","getAll":"true","filters":[],"date_range":[null,null]}
[2025-03-24 04:30:22] [INFO] SQL查询 {"count_sql":"SELECT COUNT(*) as total FROM `Order` ","data_sql":"SELECT * FROM `Order`  ORDER BY createdAt DESC LIMIT :limit OFFSET :offset","params":{"limit":10,"offset":0},"result_count":8}
[2025-03-24 04:30:22] [INFO] 查询结果 {"total":8,"orders_count":8}
[2025-03-24 04:30:22] [INFO] 管理员请求所有订单，不添加userId过滤
[2025-03-24 04:30:22] [INFO] 获取订单 {"userId":5,"isAdmin":"true","getAll":"true","filters":[],"date_range":[null,null]}
[2025-03-24 04:30:22] [INFO] SQL查询 {"count_sql":"SELECT COUNT(*) as total FROM `Order` ","data_sql":"SELECT * FROM `Order`  ORDER BY createdAt DESC LIMIT :limit OFFSET :offset","params":{"limit":10,"offset":0},"result_count":8}
[2025-03-24 04:30:22] [INFO] 查询结果 {"total":8,"orders_count":8}
[2025-03-24 04:32:19] [INFO] 管理员请求所有订单，不添加userId过滤
[2025-03-24 04:32:19] [INFO] 获取订单 {"userId":5,"isAdmin":"true","getAll":"true","filters":[],"date_range":[null,null]}
[2025-03-24 04:32:19] [INFO] SQL查询 {"count_sql":"SELECT COUNT(*) as total FROM `Order` ","data_sql":"SELECT * FROM `Order`  ORDER BY createdAt DESC LIMIT :limit OFFSET :offset","params":{"limit":10,"offset":0},"result_count":8}
[2025-03-24 04:32:19] [INFO] 查询结果 {"total":8,"orders_count":8}
[2025-03-24 04:32:25] [INFO] 管理员请求所有订单，不添加userId过滤
[2025-03-24 04:32:25] [INFO] 获取订单 {"userId":5,"isAdmin":"true","getAll":"true","filters":[],"date_range":[null,null]}
[2025-03-24 04:32:25] [INFO] SQL查询 {"count_sql":"SELECT COUNT(*) as total FROM `Order` ","data_sql":"SELECT * FROM `Order`  ORDER BY createdAt DESC LIMIT :limit OFFSET :offset","params":{"limit":10,"offset":0},"result_count":8}
[2025-03-24 04:32:25] [INFO] 查询结果 {"total":8,"orders_count":8}
[2025-03-24 04:32:30] [INFO] 管理员请求所有订单，不添加userId过滤
[2025-03-24 04:32:30] [INFO] 获取订单 {"userId":5,"isAdmin":"true","getAll":"true","filters":[],"date_range":[null,null]}
[2025-03-24 04:32:30] [INFO] SQL查询 {"count_sql":"SELECT COUNT(*) as total FROM `Order` ","data_sql":"SELECT * FROM `Order`  ORDER BY createdAt DESC LIMIT :limit OFFSET :offset","params":{"limit":10,"offset":0},"result_count":8}
[2025-03-24 04:32:30] [INFO] 查询结果 {"total":8,"orders_count":8}
[2025-03-24 04:35:43] [INFO] 管理员请求所有订单，不添加userId过滤
[2025-03-24 04:35:43] [INFO] 获取订单 {"userId":5,"isAdmin":"true","getAll":"true","filters":[],"date_range":[null,null]}
[2025-03-24 04:35:43] [INFO] SQL查询 {"count_sql":"SELECT COUNT(*) as total FROM `Order` ","data_sql":"SELECT * FROM `Order`  ORDER BY createdAt DESC LIMIT :limit OFFSET :offset","params":{"limit":10,"offset":0},"result_count":8}
[2025-03-24 04:35:43] [INFO] 查询结果 {"total":8,"orders_count":8}
[2025-03-24 04:35:50] [INFO] 管理员请求所有订单，不添加userId过滤
[2025-03-24 04:35:50] [INFO] 获取订单 {"userId":5,"isAdmin":"true","getAll":"true","filters":[],"date_range":[null,null]}
[2025-03-24 04:35:50] [INFO] SQL查询 {"count_sql":"SELECT COUNT(*) as total FROM `Order` ","data_sql":"SELECT * FROM `Order`  ORDER BY createdAt DESC LIMIT :limit OFFSET :offset","params":{"limit":10,"offset":0},"result_count":8}
[2025-03-24 04:35:50] [INFO] 查询结果 {"total":8,"orders_count":8}
[2025-03-24 04:36:48] [INFO] 管理员请求所有订单，不添加userId过滤
[2025-03-24 04:36:48] [INFO] 获取订单 {"userId":5,"isAdmin":"true","getAll":"true","filters":[],"date_range":[null,null]}
[2025-03-24 04:36:48] [INFO] SQL查询 {"count_sql":"SELECT COUNT(*) as total FROM `Order` ","data_sql":"SELECT * FROM `Order`  ORDER BY createdAt DESC LIMIT :limit OFFSET :offset","params":{"limit":10,"offset":0},"result_count":8}
[2025-03-24 04:36:48] [INFO] 查询结果 {"total":8,"orders_count":8}
[2025-03-24 04:36:50] [INFO] 管理员请求所有订单，不添加userId过滤
[2025-03-24 04:36:50] [INFO] 获取订单 {"userId":5,"isAdmin":"true","getAll":"true","filters":[],"date_range":[null,null]}
[2025-03-24 04:36:50] [INFO] SQL查询 {"count_sql":"SELECT COUNT(*) as total FROM `Order` ","data_sql":"SELECT * FROM `Order`  ORDER BY createdAt DESC LIMIT :limit OFFSET :offset","params":{"limit":10,"offset":0},"result_count":8}
[2025-03-24 04:36:50] [INFO] 查询结果 {"total":8,"orders_count":8}
[2025-03-24 04:36:55] [INFO] 管理员请求所有订单，不添加userId过滤
[2025-03-24 04:36:55] [INFO] 获取订单 {"userId":5,"isAdmin":"true","getAll":"true","filters":[],"date_range":[null,null]}
[2025-03-24 04:36:55] [INFO] SQL查询 {"count_sql":"SELECT COUNT(*) as total FROM `Order` ","data_sql":"SELECT * FROM `Order`  ORDER BY createdAt DESC LIMIT :limit OFFSET :offset","params":{"limit":10,"offset":0},"result_count":8}
[2025-03-24 04:36:55] [INFO] 查询结果 {"total":8,"orders_count":8}
[2025-03-24 04:37:00] [INFO] 管理员请求所有订单，不添加userId过滤
[2025-03-24 04:37:00] [INFO] 获取订单 {"userId":5,"isAdmin":"true","getAll":"true","filters":[],"date_range":[null,null]}
[2025-03-24 04:37:00] [INFO] SQL查询 {"count_sql":"SELECT COUNT(*) as total FROM `Order` ","data_sql":"SELECT * FROM `Order`  ORDER BY createdAt DESC LIMIT :limit OFFSET :offset","params":{"limit":10,"offset":0},"result_count":8}
[2025-03-24 04:37:00] [INFO] 查询结果 {"total":8,"orders_count":8}
[2025-03-24 04:37:02] [INFO] 管理员请求所有订单，不添加userId过滤
[2025-03-24 04:37:02] [INFO] 获取订单 {"userId":5,"isAdmin":"true","getAll":"true","filters":[],"date_range":[null,null]}
[2025-03-24 04:37:02] [INFO] SQL查询 {"count_sql":"SELECT COUNT(*) as total FROM `Order` ","data_sql":"SELECT * FROM `Order`  ORDER BY createdAt DESC LIMIT :limit OFFSET :offset","params":{"limit":10,"offset":0},"result_count":8}
[2025-03-24 04:37:02] [INFO] 查询结果 {"total":8,"orders_count":8}
[2025-03-24 04:37:17] [INFO] 管理员请求所有订单，不添加userId过滤
[2025-03-24 04:37:17] [INFO] 获取订单 {"userId":5,"isAdmin":"true","getAll":"true","filters":[],"date_range":[null,null]}
[2025-03-24 04:37:17] [INFO] SQL查询 {"count_sql":"SELECT COUNT(*) as total FROM `Order` ","data_sql":"SELECT * FROM `Order`  ORDER BY createdAt DESC LIMIT :limit OFFSET :offset","params":{"limit":10,"offset":0},"result_count":8}
[2025-03-24 04:37:17] [INFO] 查询结果 {"total":8,"orders_count":8}
[2025-03-24 04:37:22] [INFO] 管理员请求所有订单，不添加userId过滤
[2025-03-24 04:37:22] [INFO] 获取订单 {"userId":5,"isAdmin":"true","getAll":"true","filters":[],"date_range":[null,null]}
[2025-03-24 04:37:22] [INFO] SQL查询 {"count_sql":"SELECT COUNT(*) as total FROM `Order` ","data_sql":"SELECT * FROM `Order`  ORDER BY createdAt DESC LIMIT :limit OFFSET :offset","params":{"limit":10,"offset":0},"result_count":8}
[2025-03-24 04:37:22] [INFO] 查询结果 {"total":8,"orders_count":8}
[2025-03-24 04:37:29] [INFO] 管理员请求所有订单，不添加userId过滤
[2025-03-24 04:37:29] [INFO] 获取订单 {"userId":5,"isAdmin":"true","getAll":"true","filters":[],"date_range":[null,null]}
[2025-03-24 04:37:29] [INFO] SQL查询 {"count_sql":"SELECT COUNT(*) as total FROM `Order` ","data_sql":"SELECT * FROM `Order`  ORDER BY createdAt DESC LIMIT :limit OFFSET :offset","params":{"limit":10,"offset":0},"result_count":8}
[2025-03-24 04:37:29] [INFO] 查询结果 {"total":8,"orders_count":8}
[2025-03-24 04:38:29] [INFO] 管理员请求所有订单，不添加userId过滤
[2025-03-24 04:38:29] [INFO] 获取订单 {"userId":5,"isAdmin":"true","getAll":"true","filters":[],"date_range":[null,null]}
[2025-03-24 04:38:29] [INFO] SQL查询 {"count_sql":"SELECT COUNT(*) as total FROM `Order` ","data_sql":"SELECT * FROM `Order`  ORDER BY createdAt DESC LIMIT :limit OFFSET :offset","params":{"limit":10,"offset":0},"result_count":8}
[2025-03-24 04:38:29] [INFO] 查询结果 {"total":8,"orders_count":8}
[2025-03-24 04:38:38] [INFO] 管理员请求所有订单，不添加userId过滤
[2025-03-24 04:38:38] [INFO] 获取订单 {"userId":5,"isAdmin":"true","getAll":"true","filters":[],"date_range":[null,null]}
[2025-03-24 04:38:38] [INFO] SQL查询 {"count_sql":"SELECT COUNT(*) as total FROM `Order` ","data_sql":"SELECT * FROM `Order`  ORDER BY createdAt DESC LIMIT :limit OFFSET :offset","params":{"limit":10,"offset":0},"result_count":8}
[2025-03-24 04:38:38] [INFO] 查询结果 {"total":8,"orders_count":8}
[2025-03-24 04:38:48] [INFO] 管理员请求所有订单，不添加userId过滤
[2025-03-24 04:38:48] [INFO] 添加开始日期过滤: 2025-03-01
[2025-03-24 04:38:48] [INFO] 获取订单 {"userId":5,"isAdmin":"true","getAll":"true","filters":{"start_date":"2025-03-01"},"date_range":["2025-03-01",null]}
[2025-03-24 04:38:48] [INFO] SQL查询 {"count_sql":"SELECT COUNT(*) as total FROM `Order` WHERE orderDate >= :start_date","data_sql":"SELECT * FROM `Order` WHERE orderDate >= :start_date ORDER BY createdAt DESC LIMIT :limit OFFSET :offset","params":{"start_date":"2025-03-01 00:00:00","limit":10,"offset":0},"result_count":4}
[2025-03-24 04:38:48] [INFO] 查询结果 {"total":4,"orders_count":4}
[2025-03-24 04:38:57] [INFO] 管理员请求所有订单，不添加userId过滤
[2025-03-24 04:38:57] [INFO] 添加开始日期过滤: 2025-03-01
[2025-03-24 04:38:57] [INFO] 获取订单 {"userId":5,"isAdmin":"true","getAll":"true","filters":{"start_date":"2025-03-01"},"date_range":["2025-03-01",null]}
[2025-03-24 04:38:57] [INFO] SQL查询 {"count_sql":"SELECT COUNT(*) as total FROM `Order` WHERE orderDate >= :start_date","data_sql":"SELECT * FROM `Order` WHERE orderDate >= :start_date ORDER BY createdAt DESC LIMIT :limit OFFSET :offset","params":{"start_date":"2025-03-01 00:00:00","limit":10,"offset":0},"result_count":4}
[2025-03-24 04:38:57] [INFO] 查询结果 {"total":4,"orders_count":4}
[2025-03-24 04:39:04] [INFO] 管理员请求所有订单，不添加userId过滤
[2025-03-24 04:39:04] [INFO] 获取订单 {"userId":5,"isAdmin":"true","getAll":"true","filters":[],"date_range":[null,null]}
[2025-03-24 04:39:04] [INFO] SQL查询 {"count_sql":"SELECT COUNT(*) as total FROM `Order` ","data_sql":"SELECT * FROM `Order`  ORDER BY createdAt DESC LIMIT :limit OFFSET :offset","params":{"limit":10,"offset":0},"result_count":8}
[2025-03-24 04:39:04] [INFO] 查询结果 {"total":8,"orders_count":8}
[2025-03-24 04:39:23] [INFO] 管理员请求所有订单，不添加userId过滤
[2025-03-24 04:39:23] [INFO] 获取订单 {"userId":5,"isAdmin":"true","getAll":"true","filters":[],"date_range":[null,null]}
[2025-03-24 04:39:23] [INFO] SQL查询 {"count_sql":"SELECT COUNT(*) as total FROM `Order` ","data_sql":"SELECT * FROM `Order`  ORDER BY createdAt DESC LIMIT :limit OFFSET :offset","params":{"limit":10,"offset":0},"result_count":8}
[2025-03-24 04:39:23] [INFO] 查询结果 {"total":8,"orders_count":8}
[2025-03-24 04:39:29] [INFO] 管理员请求所有订单，不添加userId过滤
[2025-03-24 04:39:29] [INFO] 获取订单 {"userId":5,"isAdmin":"true","getAll":"true","filters":[],"date_range":[null,null]}
[2025-03-24 04:39:29] [INFO] SQL查询 {"count_sql":"SELECT COUNT(*) as total FROM `Order` ","data_sql":"SELECT * FROM `Order`  ORDER BY createdAt DESC LIMIT :limit OFFSET :offset","params":{"limit":10,"offset":0},"result_count":8}
[2025-03-24 04:39:29] [INFO] 查询结果 {"total":8,"orders_count":8}
[2025-03-24 04:42:26] [INFO] 管理员请求所有订单，不添加userId过滤
[2025-03-24 04:42:26] [INFO] 添加状态过滤: completed
[2025-03-24 04:42:26] [INFO] 获取订单 {"userId":5,"isAdmin":"true","getAll":"true","filters":{"status":"completed"},"date_range":[null,null],"status":"completed"}
[2025-03-24 04:42:26] [INFO] SQL查询 {"count_sql":"SELECT COUNT(*) as total FROM `Order` WHERE status = :status","data_sql":"SELECT * FROM `Order` WHERE status = :status ORDER BY createdAt DESC LIMIT :limit OFFSET :offset","params":{"status":"completed","limit":10,"offset":0},"result_count":1}
[2025-03-24 04:42:26] [INFO] 查询结果 {"total":1,"orders_count":1}
[2025-03-24 04:42:41] [INFO] 管理员请求所有订单，不添加userId过滤
[2025-03-24 04:42:41] [INFO] 添加状态过滤: shipped
[2025-03-24 04:42:41] [INFO] 获取订单 {"userId":5,"isAdmin":"true","getAll":"true","filters":{"status":"shipped"},"date_range":[null,null],"status":"shipped"}
[2025-03-24 04:42:41] [INFO] SQL查询 {"count_sql":"SELECT COUNT(*) as total FROM `Order` WHERE status = :status","data_sql":"SELECT * FROM `Order` WHERE status = :status ORDER BY createdAt DESC LIMIT :limit OFFSET :offset","params":{"status":"shipped","limit":10,"offset":0},"result_count":1}
[2025-03-24 04:42:41] [INFO] 查询结果 {"total":1,"orders_count":1}
[2025-03-24 04:42:47] [INFO] 管理员请求所有订单，不添加userId过滤
[2025-03-24 04:42:47] [INFO] 添加开始日期过滤: 2025-03-01
[2025-03-24 04:42:47] [INFO] 添加状态过滤: shipped
[2025-03-24 04:42:47] [INFO] 获取订单 {"userId":5,"isAdmin":"true","getAll":"true","filters":{"start_date":"2025-03-01","status":"shipped"},"date_range":["2025-03-01",null],"status":"shipped"}
[2025-03-24 04:42:47] [INFO] SQL查询 {"count_sql":"SELECT COUNT(*) as total FROM `Order` WHERE status = :status AND orderDate >= :start_date","data_sql":"SELECT * FROM `Order` WHERE status = :status AND orderDate >= :start_date ORDER BY createdAt DESC LIMIT :limit OFFSET :offset","params":{"status":"shipped","start_date":"2025-03-01 00:00:00","limit":10,"offset":0},"result_count":1}
[2025-03-24 04:42:47] [INFO] 查询结果 {"total":1,"orders_count":1}
[2025-03-24 04:42:59] [INFO] 管理员请求所有订单，不添加userId过滤
[2025-03-24 04:42:59] [INFO] 获取订单 {"userId":5,"isAdmin":"true","getAll":"true","filters":[],"date_range":[null,null],"status":null}
[2025-03-24 04:42:59] [INFO] SQL查询 {"count_sql":"SELECT COUNT(*) as total FROM `Order` ","data_sql":"SELECT * FROM `Order`  ORDER BY createdAt DESC LIMIT :limit OFFSET :offset","params":{"limit":10,"offset":0},"result_count":8}
[2025-03-24 04:42:59] [INFO] 查询结果 {"total":8,"orders_count":8}
[2025-03-24 04:43:04] [INFO] 管理员请求所有订单，不添加userId过滤
[2025-03-24 04:43:04] [INFO] 添加状态过滤: pending
[2025-03-24 04:43:04] [INFO] 获取订单 {"userId":5,"isAdmin":"true","getAll":"true","filters":{"status":"pending"},"date_range":[null,null],"status":"pending"}
[2025-03-24 04:43:04] [INFO] SQL查询 {"count_sql":"SELECT COUNT(*) as total FROM `Order` WHERE status = :status","data_sql":"SELECT * FROM `Order` WHERE status = :status ORDER BY createdAt DESC LIMIT :limit OFFSET :offset","params":{"status":"pending","limit":10,"offset":0},"result_count":2}
[2025-03-24 04:43:04] [INFO] 查询结果 {"total":2,"orders_count":2}
[2025-03-24 04:43:06] [INFO] 管理员请求所有订单，不添加userId过滤
[2025-03-24 04:43:06] [INFO] 添加状态过滤: shipped
[2025-03-24 04:43:06] [INFO] 获取订单 {"userId":5,"isAdmin":"true","getAll":"true","filters":{"status":"shipped"},"date_range":[null,null],"status":"shipped"}
[2025-03-24 04:43:06] [INFO] SQL查询 {"count_sql":"SELECT COUNT(*) as total FROM `Order` WHERE status = :status","data_sql":"SELECT * FROM `Order` WHERE status = :status ORDER BY createdAt DESC LIMIT :limit OFFSET :offset","params":{"status":"shipped","limit":10,"offset":0},"result_count":1}
[2025-03-24 04:43:06] [INFO] 查询结果 {"total":1,"orders_count":1}
[2025-03-24 04:43:09] [INFO] 管理员请求所有订单，不添加userId过滤
[2025-03-24 04:43:09] [INFO] 添加状态过滤: cancelled
[2025-03-24 04:43:09] [INFO] 获取订单 {"userId":5,"isAdmin":"true","getAll":"true","filters":{"status":"cancelled"},"date_range":[null,null],"status":"cancelled"}
[2025-03-24 04:43:09] [INFO] SQL查询 {"count_sql":"SELECT COUNT(*) as total FROM `Order` WHERE status = :status","data_sql":"SELECT * FROM `Order` WHERE status = :status ORDER BY createdAt DESC LIMIT :limit OFFSET :offset","params":{"status":"cancelled","limit":10,"offset":0},"result_count":2}
[2025-03-24 04:43:09] [INFO] 查询结果 {"total":2,"orders_count":2}
[2025-03-24 04:43:15] [INFO] 管理员请求所有订单，不添加userId过滤
[2025-03-24 04:43:15] [INFO] 获取订单 {"userId":5,"isAdmin":"true","getAll":"true","filters":[],"date_range":[null,null],"status":null}
[2025-03-24 04:43:15] [INFO] SQL查询 {"count_sql":"SELECT COUNT(*) as total FROM `Order` ","data_sql":"SELECT * FROM `Order`  ORDER BY createdAt DESC LIMIT :limit OFFSET :offset","params":{"limit":10,"offset":0},"result_count":8}
[2025-03-24 04:43:15] [INFO] 查询结果 {"total":8,"orders_count":8}
[2025-03-24 04:43:20] [INFO] 管理员请求所有订单，不添加userId过滤
[2025-03-24 04:43:20] [INFO] 获取订单 {"userId":5,"isAdmin":"true","getAll":"true","filters":[],"date_range":[null,null],"status":null}
[2025-03-24 04:43:20] [INFO] SQL查询 {"count_sql":"SELECT COUNT(*) as total FROM `Order` ","data_sql":"SELECT * FROM `Order`  ORDER BY createdAt DESC LIMIT :limit OFFSET :offset","params":{"limit":10,"offset":0},"result_count":8}
[2025-03-24 04:43:20] [INFO] 查询结果 {"total":8,"orders_count":8}
[2025-03-24 04:43:25] [INFO] 管理员请求所有订单，不添加userId过滤
[2025-03-24 04:43:25] [INFO] 获取订单 {"userId":5,"isAdmin":"true","getAll":"true","filters":[],"date_range":[null,null],"status":null}
[2025-03-24 04:43:25] [INFO] SQL查询 {"count_sql":"SELECT COUNT(*) as total FROM `Order` ","data_sql":"SELECT * FROM `Order`  ORDER BY createdAt DESC LIMIT :limit OFFSET :offset","params":{"limit":10,"offset":0},"result_count":8}
[2025-03-24 04:43:25] [INFO] 查询结果 {"total":8,"orders_count":8}
[2025-03-24 04:43:29] [INFO] 管理员请求所有订单，不添加userId过滤
[2025-03-24 04:43:29] [INFO] 获取订单 {"userId":5,"isAdmin":"true","getAll":"true","filters":[],"date_range":[null,null],"status":null}
[2025-03-24 04:43:29] [INFO] SQL查询 {"count_sql":"SELECT COUNT(*) as total FROM `Order` ","data_sql":"SELECT * FROM `Order`  ORDER BY createdAt DESC LIMIT :limit OFFSET :offset","params":{"limit":10,"offset":0},"result_count":8}
[2025-03-24 04:43:29] [INFO] 查询结果 {"total":8,"orders_count":8}
[2025-03-24 04:44:30] [INFO] 管理员请求所有订单，不添加userId过滤
[2025-03-24 04:44:30] [INFO] 获取订单 {"userId":5,"isAdmin":"true","getAll":"true","filters":[],"date_range":[null,null],"status":null}
[2025-03-24 04:44:30] [INFO] SQL查询 {"count_sql":"SELECT COUNT(*) as total FROM `Order` ","data_sql":"SELECT * FROM `Order`  ORDER BY createdAt DESC LIMIT :limit OFFSET :offset","params":{"limit":10,"offset":0},"result_count":8}
[2025-03-24 04:44:30] [INFO] 查询结果 {"total":8,"orders_count":8}
[2025-03-24 04:44:40] [INFO] 管理员请求所有订单，不添加userId过滤
[2025-03-24 04:44:40] [INFO] 获取订单 {"userId":5,"isAdmin":"true","getAll":"true","filters":[],"date_range":[null,null],"status":null}
[2025-03-24 04:44:40] [INFO] SQL查询 {"count_sql":"SELECT COUNT(*) as total FROM `Order` ","data_sql":"SELECT * FROM `Order`  ORDER BY createdAt DESC LIMIT :limit OFFSET :offset","params":{"limit":10,"offset":0},"result_count":8}
[2025-03-24 04:44:40] [INFO] 查询结果 {"total":8,"orders_count":8}
[2025-03-24 04:44:49] [INFO] 管理员请求所有订单，不添加userId过滤
[2025-03-24 04:44:49] [INFO] 获取订单 {"userId":5,"isAdmin":"true","getAll":"true","filters":[],"date_range":[null,null],"status":null}
[2025-03-24 04:44:49] [INFO] SQL查询 {"count_sql":"SELECT COUNT(*) as total FROM `Order` ","data_sql":"SELECT * FROM `Order`  ORDER BY createdAt DESC LIMIT :limit OFFSET :offset","params":{"limit":10,"offset":0},"result_count":8}
[2025-03-24 04:44:49] [INFO] 查询结果 {"total":8,"orders_count":8}
[2025-03-24 04:44:54] [INFO] 管理员请求所有订单，不添加userId过滤
[2025-03-24 04:44:54] [INFO] 获取订单 {"userId":5,"isAdmin":"true","getAll":"true","filters":[],"date_range":[null,null],"status":null}
[2025-03-24 04:44:54] [INFO] SQL查询 {"count_sql":"SELECT COUNT(*) as total FROM `Order` ","data_sql":"SELECT * FROM `Order`  ORDER BY createdAt DESC LIMIT :limit OFFSET :offset","params":{"limit":10,"offset":0},"result_count":8}
[2025-03-24 04:44:54] [INFO] 查询结果 {"total":8,"orders_count":8}
[2025-03-24 04:45:00] [INFO] 管理员请求所有订单，不添加userId过滤
[2025-03-24 04:45:00] [INFO] 获取订单 {"userId":5,"isAdmin":"true","getAll":"true","filters":[],"date_range":[null,null],"status":null}
[2025-03-24 04:45:00] [INFO] SQL查询 {"count_sql":"SELECT COUNT(*) as total FROM `Order` ","data_sql":"SELECT * FROM `Order`  ORDER BY createdAt DESC LIMIT :limit OFFSET :offset","params":{"limit":10,"offset":0},"result_count":8}
[2025-03-24 04:45:00] [INFO] 查询结果 {"total":8,"orders_count":8}
[2025-03-24 04:46:17] [INFO] 管理员请求所有订单，不添加userId过滤
[2025-03-24 04:46:17] [INFO] 添加用户名搜索: Admin
[2025-03-24 04:46:17] [INFO] 获取订单 {"userId":5,"isAdmin":"true","getAll":"true","filters":{"userName":"Admin"},"date_range":[null,null],"status":null,"userName":"Admin"}
[2025-03-24 04:46:17] [ERROR] Get orders failed {"message":"Query error: SQLSTATE[42S02]: Base table or view not found: 1146 Table 'purely_handmade.users' doesn't exist","code":0,"file":"\/Users\/no15438\/Desktop\/PurelyHandmade\/src\/server\/utils\/Database.php","line":99,"trace":"#0 \/Users\/no15438\/Desktop\/PurelyHandmade\/src\/server\/models\/Order.php(132): Utils\\Database->fetch('SELECT COUNT(DI...', Array)\n#1 \/Users\/no15438\/Desktop\/PurelyHandmade\/src\/server\/controllers\/OrderController.php(90): Models\\Order->getAll(Array, 1, 10)\n#2 \/Users\/no15438\/Desktop\/PurelyHandmade\/src\/server\/api\/orders\/index.php(55): Controllers\\OrderController->getOrders(Array, 1, 10)\n#3 \/Users\/no15438\/Desktop\/PurelyHandmade\/src\/server\/index.php(98): include_once('\/Users\/no15438\/...')\n#4 \/Users\/no15438\/Desktop\/PurelyHandmade\/index.php(6): require_once('\/Users\/no15438\/...')\n#5 {main}"}
[2025-03-24 04:46:45] [INFO] 管理员请求所有订单，不添加userId过滤
[2025-03-24 04:46:45] [INFO] 添加用户名搜索: Admin
[2025-03-24 04:46:45] [INFO] 获取订单 {"userId":5,"isAdmin":"true","getAll":"true","filters":{"userName":"Admin"},"date_range":[null,null],"status":null,"userName":"Admin"}
[2025-03-24 04:46:45] [ERROR] Get orders failed {"message":"Query error: SQLSTATE[HY093]: Invalid parameter number","code":0,"file":"\/Users\/no15438\/Desktop\/PurelyHandmade\/src\/server\/utils\/Database.php","line":99,"trace":"#0 \/Users\/no15438\/Desktop\/PurelyHandmade\/src\/server\/models\/Order.php(132): Utils\\Database->fetch('SELECT COUNT(DI...', Array)\n#1 \/Users\/no15438\/Desktop\/PurelyHandmade\/src\/server\/controllers\/OrderController.php(90): Models\\Order->getAll(Array, 1, 10)\n#2 \/Users\/no15438\/Desktop\/PurelyHandmade\/src\/server\/api\/orders\/index.php(55): Controllers\\OrderController->getOrders(Array, 1, 10)\n#3 \/Users\/no15438\/Desktop\/PurelyHandmade\/src\/server\/index.php(98): include_once('\/Users\/no15438\/...')\n#4 \/Users\/no15438\/Desktop\/PurelyHandmade\/index.php(6): require_once('\/Users\/no15438\/...')\n#5 {main}"}
[2025-03-24 04:47:17] [INFO] 管理员请求所有订单，不添加userId过滤
[2025-03-24 04:47:17] [INFO] 添加用户名搜索: Admin
[2025-03-24 04:47:17] [INFO] 获取订单 {"userId":5,"isAdmin":"true","getAll":"true","filters":{"userName":"Admin"},"date_range":[null,null],"status":null,"userName":"Admin"}
[2025-03-24 04:47:17] [INFO] 调用getAll方法，参数: {"filters":{"userName":"Admin"},"page":1,"limit":10}
[2025-03-24 04:47:17] [INFO] SQL查询 {"count_sql":"SELECT COUNT(DISTINCT o.id) as total \n                         FROM `Order` o\n                         LEFT JOIN User u ON o.userId = u.id WHERE (u.username LIKE :userName OR CONCAT(u.firstName, ' ', u.lastName) LIKE :userName)","data_sql":"SELECT o.* FROM `Order` o \n                   LEFT JOIN User u ON o.userId = u.id WHERE (u.username LIKE :userName OR CONCAT(u.firstName, ' ', u.lastName) LIKE :userName) ORDER BY o.createdAt DESC LIMIT :limit OFFSET :offset","params":{"userName":"%Admin%","limit":10,"offset":0}}
[2025-03-24 04:47:17] [ERROR] Get orders failed {"message":"Query error: SQLSTATE[HY093]: Invalid parameter number: parameter was not defined","code":0,"file":"\/Users\/no15438\/Desktop\/PurelyHandmade\/src\/server\/utils\/Database.php","line":99,"trace":"#0 \/Users\/no15438\/Desktop\/PurelyHandmade\/src\/server\/models\/Order.php(184): Utils\\Database->fetch('SELECT COUNT(DI...', Array)\n#1 \/Users\/no15438\/Desktop\/PurelyHandmade\/src\/server\/controllers\/OrderController.php(90): Models\\Order->getAll(Array, 1, 10)\n#2 \/Users\/no15438\/Desktop\/PurelyHandmade\/src\/server\/api\/orders\/index.php(55): Controllers\\OrderController->getOrders(Array, 1, 10)\n#3 \/Users\/no15438\/Desktop\/PurelyHandmade\/src\/server\/index.php(98): include_once('\/Users\/no15438\/...')\n#4 \/Users\/no15438\/Desktop\/PurelyHandmade\/index.php(6): require_once('\/Users\/no15438\/...')\n#5 {main}"}
[2025-03-24 04:47:53] [INFO] 管理员请求所有订单，不添加userId过滤
[2025-03-24 04:47:53] [INFO] 获取订单 {"userId":5,"isAdmin":"true","getAll":"true","filters":[],"date_range":[null,null],"status":null,"userName":null}
[2025-03-24 04:47:53] [INFO] 查询结果 {"total":8,"orders_count":8}
[2025-03-24 04:47:59] [INFO] 管理员请求所有订单，不添加userId过滤
[2025-03-24 04:47:59] [INFO] 获取订单 {"userId":5,"isAdmin":"true","getAll":"true","filters":[],"date_range":[null,null],"status":null,"userName":null}
[2025-03-24 04:47:59] [INFO] 查询结果 {"total":8,"orders_count":8}
[2025-03-24 04:48:06] [INFO] 管理员请求所有订单，不添加userId过滤
[2025-03-24 04:48:06] [INFO] 获取订单 {"userId":5,"isAdmin":"true","getAll":"true","filters":[],"date_range":[null,null],"status":null,"userName":null}
[2025-03-24 04:48:06] [INFO] 查询结果 {"total":8,"orders_count":8}
